{"C:\\CalculatorUnitTest\\calculator.js": {"path":"C:\\CalculatorUnitTest\\calculator.js","statementMap":{"0":{"start":{"line":1,"column":12},"end":{"line":9,"column":1}},"1":{"start":{"line":2,"column":4},"end":{"line":2,"column":45}},"2":{"start":{"line":2,"column":17},"end":{"line":2,"column":45}},"3":{"start":{"line":3,"column":4},"end":{"line":3,"column":46}},"4":{"start":{"line":3,"column":18},"end":{"line":3,"column":46}},"5":{"start":{"line":5,"column":4},"end":{"line":5,"column":45}},"6":{"start":{"line":5,"column":17},"end":{"line":5,"column":45}},"7":{"start":{"line":6,"column":4},"end":{"line":6,"column":46}},"8":{"start":{"line":6,"column":18},"end":{"line":6,"column":46}},"9":{"start":{"line":8,"column":4},"end":{"line":8,"column":17}},"10":{"start":{"line":11,"column":17},"end":{"line":13,"column":1}},"11":{"start":{"line":12,"column":4},"end":{"line":12,"column":17}},"12":{"start":{"line":15,"column":17},"end":{"line":17,"column":1}},"13":{"start":{"line":16,"column":4},"end":{"line":16,"column":17}},"14":{"start":{"line":19,"column":15},"end":{"line":24,"column":1}},"15":{"start":{"line":20,"column":4},"end":{"line":22,"column":5}},"16":{"start":{"line":21,"column":8},"end":{"line":21,"column":36}},"17":{"start":{"line":23,"column":4},"end":{"line":23,"column":17}},"18":{"start":{"line":26,"column":23},"end":{"line":28,"column":1}},"19":{"start":{"line":27,"column":4},"end":{"line":27,"column":13}},"20":{"start":{"line":30,"column":14},"end":{"line":41,"column":1}},"21":{"start":{"line":31,"column":4},"end":{"line":31,"column":45}},"22":{"start":{"line":31,"column":17},"end":{"line":31,"column":45}},"23":{"start":{"line":32,"column":4},"end":{"line":32,"column":46}},"24":{"start":{"line":32,"column":18},"end":{"line":32,"column":46}},"25":{"start":{"line":34,"column":4},"end":{"line":34,"column":45}},"26":{"start":{"line":34,"column":17},"end":{"line":34,"column":45}},"27":{"start":{"line":35,"column":4},"end":{"line":35,"column":46}},"28":{"start":{"line":35,"column":18},"end":{"line":35,"column":46}},"29":{"start":{"line":37,"column":4},"end":{"line":38,"column":23}},"30":{"start":{"line":38,"column":8},"end":{"line":38,"column":23}},"31":{"start":{"line":40,"column":4},"end":{"line":40,"column":13}},"32":{"start":{"line":43,"column":0},"end":{"line":50,"column":2}}},"fnMap":{"0":{"name":"(anonymous_0)","decl":{"start":{"line":1,"column":12},"end":{"line":1,"column":13}},"loc":{"start":{"line":1,"column":22},"end":{"line":9,"column":1}},"line":1},"1":{"name":"(anonymous_1)","decl":{"start":{"line":11,"column":17},"end":{"line":11,"column":18}},"loc":{"start":{"line":11,"column":27},"end":{"line":13,"column":1}},"line":11},"2":{"name":"(anonymous_2)","decl":{"start":{"line":15,"column":17},"end":{"line":15,"column":18}},"loc":{"start":{"line":15,"column":27},"end":{"line":17,"column":1}},"line":15},"3":{"name":"(anonymous_3)","decl":{"start":{"line":19,"column":15},"end":{"line":19,"column":16}},"loc":{"start":{"line":19,"column":25},"end":{"line":24,"column":1}},"line":19},"4":{"name":"(anonymous_4)","decl":{"start":{"line":26,"column":23},"end":{"line":26,"column":24}},"loc":{"start":{"line":26,"column":30},"end":{"line":28,"column":1}},"line":26},"5":{"name":"(anonymous_5)","decl":{"start":{"line":30,"column":14},"end":{"line":30,"column":15}},"loc":{"start":{"line":30,"column":28},"end":{"line":41,"column":1}},"line":30}},"branchMap":{"0":{"loc":{"start":{"line":2,"column":4},"end":{"line":2,"column":45}},"type":"if","locations":[{"start":{"line":2,"column":4},"end":{"line":2,"column":45}},{"start":{"line":2,"column":4},"end":{"line":2,"column":45}}],"line":2},"1":{"loc":{"start":{"line":3,"column":4},"end":{"line":3,"column":46}},"type":"if","locations":[{"start":{"line":3,"column":4},"end":{"line":3,"column":46}},{"start":{"line":3,"column":4},"end":{"line":3,"column":46}}],"line":3},"2":{"loc":{"start":{"line":5,"column":4},"end":{"line":5,"column":45}},"type":"if","locations":[{"start":{"line":5,"column":4},"end":{"line":5,"column":45}},{"start":{"line":5,"column":4},"end":{"line":5,"column":45}}],"line":5},"3":{"loc":{"start":{"line":6,"column":4},"end":{"line":6,"column":46}},"type":"if","locations":[{"start":{"line":6,"column":4},"end":{"line":6,"column":46}},{"start":{"line":6,"column":4},"end":{"line":6,"column":46}}],"line":6},"4":{"loc":{"start":{"line":20,"column":4},"end":{"line":22,"column":5}},"type":"if","locations":[{"start":{"line":20,"column":4},"end":{"line":22,"column":5}},{"start":{"line":20,"column":4},"end":{"line":22,"column":5}}],"line":20},"5":{"loc":{"start":{"line":31,"column":4},"end":{"line":31,"column":45}},"type":"if","locations":[{"start":{"line":31,"column":4},"end":{"line":31,"column":45}},{"start":{"line":31,"column":4},"end":{"line":31,"column":45}}],"line":31},"6":{"loc":{"start":{"line":32,"column":4},"end":{"line":32,"column":46}},"type":"if","locations":[{"start":{"line":32,"column":4},"end":{"line":32,"column":46}},{"start":{"line":32,"column":4},"end":{"line":32,"column":46}}],"line":32},"7":{"loc":{"start":{"line":34,"column":4},"end":{"line":34,"column":45}},"type":"if","locations":[{"start":{"line":34,"column":4},"end":{"line":34,"column":45}},{"start":{"line":34,"column":4},"end":{"line":34,"column":45}}],"line":34},"8":{"loc":{"start":{"line":35,"column":4},"end":{"line":35,"column":46}},"type":"if","locations":[{"start":{"line":35,"column":4},"end":{"line":35,"column":46}},{"start":{"line":35,"column":4},"end":{"line":35,"column":46}}],"line":35},"9":{"loc":{"start":{"line":37,"column":4},"end":{"line":38,"column":23}},"type":"if","locations":[{"start":{"line":37,"column":4},"end":{"line":38,"column":23}},{"start":{"line":37,"column":4},"end":{"line":38,"column":23}}],"line":37}},"s":{"0":1,"1":2,"2":0,"3":2,"4":0,"5":2,"6":0,"7":2,"8":0,"9":2,"10":1,"11":3,"12":1,"13":3,"14":1,"15":2,"16":0,"17":2,"18":1,"19":2,"20":1,"21":1,"22":0,"23":1,"24":0,"25":1,"26":0,"27":1,"28":0,"29":1,"30":1,"31":0,"32":1},"f":{"0":2,"1":3,"2":3,"3":2,"4":2,"5":1},"b":{"0":[0,2],"1":[0,2],"2":[0,2],"3":[0,2],"4":[0,2],"5":[0,1],"6":[0,1],"7":[0,1],"8":[0,1],"9":[1,0]},"_coverageSchema":"1a1c01bbd47fc00a2c39e90264f33305004495a9","hash":"0fc9e44238e1d3a8cf0eabf3e0024a1231788048"}
}
