TN:
SF:calculator.js
FN:1,(anonymous_0)
FN:11,(anonymous_1)
FN:15,(anonymous_2)
FN:19,(anonymous_3)
FN:26,(anonymous_4)
FN:30,(anonymous_5)
FNF:6
FNH:6
FNDA:2,(anonymous_0)
FNDA:3,(anonymous_1)
FNDA:3,(anonymous_2)
FNDA:2,(anonymous_3)
FNDA:2,(anonymous_4)
FNDA:1,(anonymous_5)
DA:1,1
DA:2,2
DA:3,2
DA:5,2
DA:6,2
DA:8,2
DA:11,1
DA:12,3
DA:15,1
DA:16,3
DA:19,1
DA:20,2
DA:21,0
DA:23,2
DA:26,1
DA:27,2
DA:30,1
DA:31,1
DA:32,1
DA:34,1
DA:35,1
DA:37,1
DA:38,1
DA:40,0
DA:43,1
LF:25
LH:23
BRDA:2,0,0,0
BRDA:2,0,1,2
BRDA:3,1,0,0
BRDA:3,1,1,2
BRDA:5,2,0,0
BRDA:5,2,1,2
BRDA:6,3,0,0
BRDA:6,3,1,2
BRDA:20,4,0,0
BRDA:20,4,1,2
BRDA:31,5,0,0
BRDA:31,5,1,1
BRDA:32,6,0,0
BRDA:32,6,1,1
BRDA:34,7,0,0
BRDA:34,7,1,1
BRDA:35,8,0,0
BRDA:35,8,1,1
BRDA:37,9,0,1
BRDA:37,9,1,0
BRF:20
BRH:10
end_of_record
